<?xml version="1.0" encoding="UTF-8"?>
<Site BuildName="(empty)"
	BuildStamp="20260922-2120-Experimental"
	Name="(empty)"
	Generator="ctest-4.4.3"
	CompilerName=""
	CompilerVersion=""
	OSName="Windows"
	Hostname="DESKTOP-MGAILV5"
	OSRelease="10.0.26200"
	OSVersion="Windows 10"
	OSPlatform="AMD64"
	Is64Bits="1"
	VendorString="GenuineIntel"
	VendorID="Intel Corporation"
	FamilyID="6"
	ModelID="7"
	ModelName=""
	ProcessorCacheSize="-1"
	NumberOfLogicalCPU="28"
	NumberOfPhysicalCPU="20"
	TotalVirtualMemory="13017"
	TotalPhysicalMemory="32418"
	LogicalProcessorsPerPhysical="1"
	ProcessorClockFrequency="2100.000000"
	>
	<Testing>
		<StartDateTime>Sep 22 22:13 Hora oficial do Brasil</StartDateTime>
		<StartTestTime>1790126002</StartTestTime>
		<TestList/>
		<EndDateTime>Sep 22 22:13 Hora oficial do Brasil</EndDateTime>
		<EndTestTime>1790126002</EndTestTime>
		<ElapsedMinutes>0</ElapsedMinutes>
	</Testing>
</Site>
